<?xml version='1.0' encoding='UTF-8' ?>
<testsuite name="com.smouldering_durtles.wk.test.WaniKaniApiTest" tests="1" failures="1" errors="0" skipped="0" time="0.779" timestamp="2023-05-08T10:12:18" hostname="localhost">
  <properties>
    <property name="device" value="Pixel_3a_API_33_arm64-v8a(AVD) - 13" />
    <property name="flavor" value="" />
    <property name="project" value=":app" />
  </properties>
  <testcase name="testGetApiCallWithNewApiResponse" classname="com.smouldering_durtles.wk.test.WaniKaniApiTest" time="0.427">
    <failure>java.lang.NullPointerException: Attempt to invoke virtual method 'java.lang.String com.fasterxml.jackson.databind.JsonNode.toString()' on a null object reference
at com.smouldering_durtles.wk.test.WaniKaniApiTest.testGetApiCallWithNewApiResponse(WaniKaniApiTest.java:87)</failure>
  </testcase>
</testsuite>